# JRE version: OpenJDK Runtime Environment (Zulu 8.58.0.13-CA-win64) (8.0_312-b07) (build 1.8.0_312-b07)
# Java VM: OpenJDK 64-Bit Server VM (25.312-b07 mixed mode windows-amd64 compressed oops)
Heap:
 PSYoungGen      total 71168K, used 1912K [0x0000000715b00000, 0x000000071a180000, 0x00000007c0000000)
  eden space 70144K, 1% used [0x0000000715b00000,0x0000000715c4e218,0x0000000719f80000)
  from space 1024K, 56% used [0x000000071a080000,0x000000071a110020,0x000000071a180000)
  to   space 1024K, 0% used [0x0000000719f80000,0x0000000719f80000,0x000000071a080000)
 ParOldGen       total 451584K, used 113655K [0x00000005c1000000, 0x00000005dc900000, 0x0000000715b00000)
  object space 451584K, 25% used [0x00000005c1000000,0x00000005c7efdff0,0x00000005dc900000)
 Metaspace       used 81875K, capacity 87350K, committed 87552K, reserved 1124352K
  class space    used 10905K, capacity 11950K, committed 12032K, reserved 1048576K
GC Heap History (10 events):
Event: 20434.199 GC heap before
{Heap before GC invocations=2791 (full 3):
 PSYoungGen      total 71168K, used 70576K [0x0000000715b00000, 0x000000071a180000, 0x00000007c0000000)
  eden space 70144K, 100% used [0x0000000715b00000,0x0000000719f80000,0x0000000719f80000)
  from space 1024K, 42% used [0x0000000719f80000,0x0000000719fec010,0x000000071a080000)
  to   space 1024K, 0% used [0x000000071a080000,0x000000071a080000,0x000000071a180000)
 ParOldGen       total 451584K, used 113607K [0x00000005c1000000, 0x00000005dc900000, 0x0000000715b00000)
  object space 451584K, 25% used [0x00000005c1000000,0x00000005c7ef1ff0,0x00000005dc900000)
 Metaspace       used 81875K, capacity 87350K, committed 87552K, reserved 1124352K
  class space    used 10905K, capacity 11950K, committed 12032K, reserved 1048576K
Event: 20434.202 GC heap after
Heap after GC invocations=2791 (full 3):
 PSYoungGen      total 71168K, used 576K [0x0000000715b00000, 0x000000071a180000, 0x00000007c0000000)
  eden space 70144K, 0% used [0x0000000715b00000,0x0000000715b00000,0x0000000719f80000)
  from space 1024K, 56% used [0x000000071a080000,0x000000071a110020,0x000000071a180000)
  to   space 1024K, 0% used [0x0000000719f80000,0x0000000719f80000,0x000000071a080000)
 ParOldGen       total 451584K, used 113615K [0x00000005c1000000, 0x00000005dc900000, 0x0000000715b00000)
  object space 451584K, 25% used [0x00000005c1000000,0x00000005c7ef3ff0,0x00000005dc900000)
 Metaspace       used 81875K, capacity 87350K, committed 87552K, reserved 1124352K
  class space    used 10905K, capacity 11950K, committed 12032K, reserved 1048576K
}
Event: 20441.012 GC heap before
{Heap before GC invocations=2792 (full 3):
 PSYoungGen      total 71168K, used 70720K [0x0000000715b00000, 0x000000071a180000, 0x00000007c0000000)
  eden space 70144K, 100% used [0x0000000715b00000,0x0000000719f80000,0x0000000719f80000)
  from space 1024K, 56% used [0x000000071a080000,0x000000071a110020,0x000000071a180000)
  to   space 1024K, 0% used [0x0000000719f80000,0x0000000719f80000,0x000000071a080000)
 ParOldGen       total 451584K, used 113615K [0x00000005c1000000, 0x00000005dc900000, 0x0000000715b00000)
  object space 451584K, 25% used [0x00000005c1000000,0x00000005c7ef3ff0,0x00000005dc900000)
 Metaspace       used 81875K, capacity 87350K, committed 87552K, reserved 1124352K
  class space    used 10905K, capacity 11950K, committed 12032K, reserved 1048576K
Event: 20441.015 GC heap after
Heap after GC invocations=2792 (full 3):
 PSYoungGen      total 71168K, used 544K [0x0000000715b00000, 0x000000071a180000, 0x00000007c0000000)
  eden space 70144K, 0% used [0x0000000715b00000,0x0000000715b00000,0x0000000719f80000)
  from space 1024K, 53% used [0x0000000719f80000,0x000000071a008020,0x000000071a080000)
  to   space 1024K, 0% used [0x000000071a080000,0x000000071a080000,0x000000071a180000)
 ParOldGen       total 451584K, used 113639K [0x00000005c1000000, 0x00000005dc900000, 0x0000000715b00000)
  object space 451584K, 25% used [0x00000005c1000000,0x00000005c7ef9ff0,0x00000005dc900000)
 Metaspace       used 81875K, capacity 87350K, committed 87552K, reserved 1124352K
  class space    used 10905K, capacity 11950K, committed 12032K, reserved 1048576K
}
Event: 20447.685 GC heap before
{Heap before GC invocations=2793 (full 3):
 PSYoungGen      total 71168K, used 70688K [0x0000000715b00000, 0x000000071a180000, 0x00000007c0000000)
  eden space 70144K, 100% used [0x0000000715b00000,0x0000000719f80000,0x0000000719f80000)
  from space 1024K, 53% used [0x0000000719f80000,0x000000071a008020,0x000000071a080000)
  to   space 1024K, 0% used [0x000000071a080000,0x000000071a080000,0x000000071a180000)
 ParOldGen       total 451584K, used 113639K [0x00000005c1000000, 0x00000005dc900000, 0x0000000715b00000)
  object space 451584K, 25% used [0x00000005c1000000,0x00000005c7ef9ff0,0x00000005dc900000)
 Metaspace       used 81875K, capacity 87350K, committed 87552K, reserved 1124352K
  class space    used 10905K, capacity 11950K, committed 12032K, reserved 1048576K
Event: 20447.688 GC heap after
Heap after GC invocations=2793 (full 3):
 PSYoungGen      total 71168K, used 528K [0x0000000715b00000, 0x000000071a180000, 0x00000007c0000000)
  eden space 70144K, 0% used [0x0000000715b00000,0x0000000715b00000,0x0000000719f80000)
  from space 1024K, 51% used [0x000000071a080000,0x000000071a104030,0x000000071a180000)
  to   space 1024K, 0% used [0x0000000719f80000,0x0000000719f80000,0x000000071a080000)
 ParOldGen       total 451584K, used 113639K [0x00000005c1000000, 0x00000005dc900000, 0x0000000715b00000)
  object space 451584K, 25% used [0x00000005c1000000,0x00000005c7ef9ff0,0x00000005dc900000)
 Metaspace       used 81875K, capacity 87350K, committed 87552K, reserved 1124352K
  class space    used 10905K, capacity 11950K, committed 12032K, reserved 1048576K
}
Event: 20454.330 GC heap before
{Heap before GC invocations=2794 (full 3):
 PSYoungGen      total 71168K, used 70672K [0x0000000715b00000, 0x000000071a180000, 0x00000007c0000000)
  eden space 70144K, 100% used [0x0000000715b00000,0x0000000719f80000,0x0000000719f80000)
  from space 1024K, 51% used [0x000000071a080000,0x000000071a104030,0x000000071a180000)
  to   space 1024K, 0% used [0x0000000719f80000,0x0000000719f80000,0x000000071a080000)
 ParOldGen       total 451584K, used 113639K [0x00000005c1000000, 0x00000005dc900000, 0x0000000715b00000)
  object space 451584K, 25% used [0x00000005c1000000,0x00000005c7ef9ff0,0x00000005dc900000)
 Metaspace       used 81875K, capacity 87350K, committed 87552K, reserved 1124352K
  class space    used 10905K, capacity 11950K, committed 12032K, reserved 1048576K
Event: 20454.333 GC heap after
Heap after GC invocations=2794 (full 3):
 PSYoungGen      total 71168K, used 512K [0x0000000715b00000, 0x000000071a180000, 0x00000007c0000000)
  eden space 70144K, 0% used [0x0000000715b00000,0x0000000715b00000,0x0000000719f80000)
  from space 1024K, 50% used [0x0000000719f80000,0x000000071a000020,0x000000071a080000)
  to   space 1024K, 0% used [0x000000071a080000,0x000000071a080000,0x000000071a180000)
 ParOldGen       total 451584K, used 113655K [0x00000005c1000000, 0x00000005dc900000, 0x0000000715b00000)
  object space 451584K, 25% used [0x00000005c1000000,0x00000005c7efdff0,0x00000005dc900000)
 Metaspace       used 81875K, capacity 87350K, committed 87552K, reserved 1124352K
  class space    used 10905K, capacity 11950K, committed 12032K, reserved 1048576K
}
Event: 20461.377 GC heap before
{Heap before GC invocations=2795 (full 3):
 PSYoungGen      total 71168K, used 70656K [0x0000000715b00000, 0x000000071a180000, 0x00000007c0000000)
  eden space 70144K, 100% used [0x0000000715b00000,0x0000000719f80000,0x0000000719f80000)
  from space 1024K, 50% used [0x0000000719f80000,0x000000071a000020,0x000000071a080000)
  to   space 1024K, 0% used [0x000000071a080000,0x000000071a080000,0x000000071a180000)
 ParOldGen       total 451584K, used 113655K [0x00000005c1000000, 0x00000005dc900000, 0x0000000715b00000)
  object space 451584K, 25% used [0x00000005c1000000,0x00000005c7efdff0,0x00000005dc900000)
 Metaspace       used 81875K, capacity 87350K, committed 87552K, reserved 1124352K
  class space    used 10905K, capacity 11950K, committed 12032K, reserved 1048576K
Event: 20461.379 GC heap after
Heap after GC invocations=2795 (full 3):
 PSYoungGen      total 71168K, used 576K [0x0000000715b00000, 0x000000071a180000, 0x00000007c0000000)
  eden space 70144K, 0% used [0x0000000715b00000,0x0000000715b00000,0x0000000719f80000)
  from space 1024K, 56% used [0x000000071a080000,0x000000071a110020,0x000000071a180000)
  to   space 1024K, 0% used [0x0000000719f80000,0x0000000719f80000,0x000000071a080000)
 ParOldGen       total 451584K, used 113655K [0x00000005c1000000, 0x00000005dc900000, 0x0000000715b00000)
  object space 451584K, 25% used [0x00000005c1000000,0x00000005c7efdff0,0x00000005dc900000)
 Metaspace       used 81875K, capacity 87350K, committed 87552K, reserved 1124352K
  class space    used 10905K, capacity 11950K, committed 12032K, reserved 1048576K
}

